<?xml version="1.0" encoding="UTF-8"?>
<!-- Generated by org.testng.reporters.JUnitReportReporter -->
<testsuite hostname="Nani-PC" failures="0" tests="5" name="com.accelerator.runners.MyTestRunner" time="122.066" errors="0" timestamp="2021-06-21T12:10:50 IST" skipped="0">
  <testcase classname="com.accelerator.runners.MyTestRunner" name="runScenario" time="13.505"/>
  <system-out/>
  <testcase classname="com.accelerator.runners.MyTestRunner" name="runScenario" time="35.240"/>
  <system-out/>
  <testcase classname="com.accelerator.runners.MyTestRunner" name="runScenario" time="19.669"/>
  <system-out/>
  <testcase classname="com.accelerator.runners.MyTestRunner" name="runScenario" time="21.914"/>
  <system-out/>
  <testcase classname="com.accelerator.runners.MyTestRunner" name="runScenario" time="31.738"/>
  <system-out/>
</testsuite> <!-- com.accelerator.runners.MyTestRunner -->
